{"/home/axel.bie/Projects/veille/tdd-katas/src/bijoux_pricing/bijoux-pricing.js": {"path":"/home/axel.bie/Projects/veille/tdd-katas/src/bijoux_pricing/bijoux-pricing.js","statementMap":{"0":{"start":{"line":1,"column":0},"end":{"line":1,"column":3}},"1":{"start":{"line":2,"column":0},"end":{"line":2,"column":54}},"2":{"start":{"line":3,"column":0},"end":{"line":3,"column":80}},"3":{"start":{"line":4,"column":0},"end":{"line":4,"column":2}},"4":{"start":{"line":5,"column":0},"end":{"line":5,"column":84}},"5":{"start":{"line":6,"column":0},"end":{"line":6,"column":3}},"6":{"start":{"line":7,"column":0},"end":{"line":7,"column":0}},"7":{"start":{"line":8,"column":0},"end":{"line":8,"column":21}},"8":{"start":{"line":9,"column":0},"end":{"line":9,"column":17}},"9":{"start":{"line":10,"column":0},"end":{"line":10,"column":23}},"10":{"start":{"line":11,"column":0},"end":{"line":11,"column":3}},"11":{"start":{"line":12,"column":0},"end":{"line":12,"column":0}},"12":{"start":{"line":13,"column":0},"end":{"line":13,"column":67}},"13":{"start":{"line":14,"column":0},"end":{"line":14,"column":19}},"14":{"start":{"line":15,"column":0},"end":{"line":15,"column":18}},"15":{"start":{"line":16,"column":0},"end":{"line":16,"column":17}},"16":{"start":{"line":17,"column":0},"end":{"line":17,"column":18}},"17":{"start":{"line":18,"column":0},"end":{"line":18,"column":17}},"18":{"start":{"line":19,"column":0},"end":{"line":19,"column":6}},"19":{"start":{"line":20,"column":0},"end":{"line":20,"column":3}},"20":{"start":{"line":21,"column":0},"end":{"line":21,"column":0}},"21":{"start":{"line":22,"column":0},"end":{"line":22,"column":11}},"22":{"start":{"line":23,"column":0},"end":{"line":23,"column":22}},"23":{"start":{"line":24,"column":0},"end":{"line":24,"column":79}},"24":{"start":{"line":25,"column":0},"end":{"line":25,"column":0}},"25":{"start":{"line":26,"column":0},"end":{"line":26,"column":65}},"26":{"start":{"line":27,"column":0},"end":{"line":27,"column":5}},"27":{"start":{"line":28,"column":0},"end":{"line":28,"column":13}},"28":{"start":{"line":29,"column":0},"end":{"line":29,"column":3}},"29":{"start":{"line":30,"column":0},"end":{"line":30,"column":0}},"30":{"start":{"line":31,"column":0},"end":{"line":31,"column":68}},"31":{"start":{"line":32,"column":0},"end":{"line":32,"column":19}},"32":{"start":{"line":33,"column":0},"end":{"line":33,"column":18}},"33":{"start":{"line":34,"column":0},"end":{"line":34,"column":17}},"34":{"start":{"line":35,"column":0},"end":{"line":35,"column":13}},"35":{"start":{"line":36,"column":0},"end":{"line":36,"column":6}},"36":{"start":{"line":37,"column":0},"end":{"line":37,"column":3}},"37":{"start":{"line":38,"column":0},"end":{"line":38,"column":0}},"38":{"start":{"line":39,"column":0},"end":{"line":39,"column":29}},"39":{"start":{"line":40,"column":0},"end":{"line":40,"column":60}},"40":{"start":{"line":41,"column":0},"end":{"line":41,"column":12}},"41":{"start":{"line":42,"column":0},"end":{"line":42,"column":32}},"42":{"start":{"line":43,"column":0},"end":{"line":43,"column":94}},"43":{"start":{"line":44,"column":0},"end":{"line":44,"column":6}},"44":{"start":{"line":45,"column":0},"end":{"line":45,"column":3}},"45":{"start":{"line":46,"column":0},"end":{"line":46,"column":1}},"46":{"start":{"line":47,"column":0},"end":{"line":47,"column":0}},"47":{"start":{"line":48,"column":0},"end":{"line":48,"column":31}}},"s":{"0":1,"1":1,"2":1,"3":1,"4":1,"5":1,"6":1,"7":1,"8":1,"9":5,"10":5,"11":1,"12":1,"13":2,"14":2,"15":2,"16":2,"17":2,"18":2,"19":2,"20":1,"21":1,"22":3,"23":2,"24":2,"25":2,"26":2,"27":1,"28":1,"29":1,"30":1,"31":2,"32":2,"33":2,"34":2,"35":2,"36":2,"37":1,"38":1,"39":2,"40":2,"41":2,"42":2,"43":2,"44":2,"45":1,"46":1,"47":1},"branchMap":{"0":{"type":"branch","line":48,"loc":{"start":{"line":48,"column":31},"end":{"line":48,"column":31}},"locations":[{"start":{"line":48,"column":31},"end":{"line":48,"column":31}}]},"1":{"type":"branch","line":9,"loc":{"start":{"line":9,"column":2},"end":{"line":11,"column":3}},"locations":[{"start":{"line":9,"column":2},"end":{"line":11,"column":3}}]},"2":{"type":"branch","line":13,"loc":{"start":{"line":13,"column":2},"end":{"line":20,"column":3}},"locations":[{"start":{"line":13,"column":2},"end":{"line":20,"column":3}}]},"3":{"type":"branch","line":22,"loc":{"start":{"line":22,"column":2},"end":{"line":29,"column":3}},"locations":[{"start":{"line":22,"column":2},"end":{"line":29,"column":3}}]},"4":{"type":"branch","line":23,"loc":{"start":{"line":23,"column":21},"end":{"line":27,"column":5}},"locations":[{"start":{"line":23,"column":21},"end":{"line":27,"column":5}}]},"5":{"type":"branch","line":27,"loc":{"start":{"line":27,"column":5},"end":{"line":29,"column":3}},"locations":[{"start":{"line":27,"column":5},"end":{"line":29,"column":3}}]},"6":{"type":"branch","line":31,"loc":{"start":{"line":31,"column":2},"end":{"line":37,"column":3}},"locations":[{"start":{"line":31,"column":2},"end":{"line":37,"column":3}}]},"7":{"type":"branch","line":39,"loc":{"start":{"line":39,"column":2},"end":{"line":45,"column":3}},"locations":[{"start":{"line":39,"column":2},"end":{"line":45,"column":3}}]},"8":{"type":"branch","line":43,"loc":{"start":{"line":43,"column":20},"end":{"line":43,"column":92}},"locations":[{"start":{"line":43,"column":20},"end":{"line":43,"column":92}}]}},"b":{"0":[1],"1":[5],"2":[2],"3":[3],"4":[2],"5":[1],"6":[2],"7":[2],"8":[4]},"fnMap":{"0":{"name":"BijouxPricing","decl":{"start":{"line":9,"column":2},"end":{"line":11,"column":3}},"loc":{"start":{"line":9,"column":2},"end":{"line":11,"column":3}},"line":9},"1":{"name":"setBijoux","decl":{"start":{"line":13,"column":2},"end":{"line":20,"column":3}},"loc":{"start":{"line":13,"column":2},"end":{"line":20,"column":3}},"line":13},"2":{"name":"price","decl":{"start":{"line":22,"column":2},"end":{"line":29,"column":3}},"loc":{"start":{"line":22,"column":2},"end":{"line":29,"column":3}},"line":22},"3":{"name":"setBijouxWithMultipleStones","decl":{"start":{"line":31,"column":2},"end":{"line":37,"column":3}},"loc":{"start":{"line":31,"column":2},"end":{"line":37,"column":3}},"line":31},"4":{"name":"priceWithMultipleStones","decl":{"start":{"line":39,"column":2},"end":{"line":45,"column":3}},"loc":{"start":{"line":39,"column":2},"end":{"line":45,"column":3}},"line":39}},"f":{"0":5,"1":2,"2":3,"3":2,"4":2}}
,"/home/axel.bie/Projects/veille/tdd-katas/src/bowling/index.js": {"path":"/home/axel.bie/Projects/veille/tdd-katas/src/bowling/index.js","statementMap":{"0":{"start":{"line":1,"column":0},"end":{"line":1,"column":19}},"1":{"start":{"line":2,"column":0},"end":{"line":2,"column":17}},"2":{"start":{"line":3,"column":0},"end":{"line":3,"column":20}},"3":{"start":{"line":4,"column":0},"end":{"line":4,"column":3}},"4":{"start":{"line":5,"column":0},"end":{"line":5,"column":0}},"5":{"start":{"line":6,"column":0},"end":{"line":6,"column":22}},"6":{"start":{"line":7,"column":0},"end":{"line":7,"column":34}},"7":{"start":{"line":8,"column":0},"end":{"line":8,"column":3}},"8":{"start":{"line":9,"column":0},"end":{"line":9,"column":0}},"9":{"start":{"line":10,"column":0},"end":{"line":10,"column":11}},"10":{"start":{"line":11,"column":0},"end":{"line":11,"column":18}},"11":{"start":{"line":12,"column":0},"end":{"line":12,"column":22}},"12":{"start":{"line":13,"column":0},"end":{"line":13,"column":65}},"13":{"start":{"line":14,"column":0},"end":{"line":14,"column":37}},"14":{"start":{"line":15,"column":0},"end":{"line":15,"column":53}},"15":{"start":{"line":16,"column":0},"end":{"line":16,"column":23}},"16":{"start":{"line":17,"column":0},"end":{"line":17,"column":43}},"17":{"start":{"line":18,"column":0},"end":{"line":18,"column":52}},"18":{"start":{"line":19,"column":0},"end":{"line":19,"column":23}},"19":{"start":{"line":20,"column":0},"end":{"line":20,"column":14}},"20":{"start":{"line":21,"column":0},"end":{"line":21,"column":47}},"21":{"start":{"line":22,"column":0},"end":{"line":22,"column":23}},"22":{"start":{"line":23,"column":0},"end":{"line":23,"column":7}},"23":{"start":{"line":24,"column":0},"end":{"line":24,"column":5}},"24":{"start":{"line":25,"column":0},"end":{"line":25,"column":17}},"25":{"start":{"line":26,"column":0},"end":{"line":26,"column":3}},"26":{"start":{"line":27,"column":0},"end":{"line":27,"column":0}},"27":{"start":{"line":28,"column":0},"end":{"line":28,"column":22}},"28":{"start":{"line":29,"column":0},"end":{"line":29,"column":68}},"29":{"start":{"line":30,"column":0},"end":{"line":30,"column":3}},"30":{"start":{"line":31,"column":0},"end":{"line":31,"column":0}},"31":{"start":{"line":32,"column":0},"end":{"line":32,"column":23}},"32":{"start":{"line":33,"column":0},"end":{"line":33,"column":40}},"33":{"start":{"line":34,"column":0},"end":{"line":34,"column":3}},"34":{"start":{"line":35,"column":0},"end":{"line":35,"column":0}},"35":{"start":{"line":36,"column":0},"end":{"line":36,"column":29}},"36":{"start":{"line":37,"column":0},"end":{"line":37,"column":65}},"37":{"start":{"line":38,"column":0},"end":{"line":38,"column":3}},"38":{"start":{"line":39,"column":0},"end":{"line":39,"column":0}},"39":{"start":{"line":40,"column":0},"end":{"line":40,"column":28}},"40":{"start":{"line":41,"column":0},"end":{"line":41,"column":37}},"41":{"start":{"line":42,"column":0},"end":{"line":42,"column":3}},"42":{"start":{"line":43,"column":0},"end":{"line":43,"column":0}},"43":{"start":{"line":44,"column":0},"end":{"line":44,"column":28}},"44":{"start":{"line":45,"column":0},"end":{"line":45,"column":48}},"45":{"start":{"line":46,"column":0},"end":{"line":46,"column":54}},"46":{"start":{"line":47,"column":0},"end":{"line":47,"column":0}},"47":{"start":{"line":48,"column":0},"end":{"line":48,"column":43}},"48":{"start":{"line":49,"column":0},"end":{"line":49,"column":3}},"49":{"start":{"line":50,"column":0},"end":{"line":50,"column":1}},"50":{"start":{"line":51,"column":0},"end":{"line":51,"column":0}},"51":{"start":{"line":52,"column":0},"end":{"line":52,"column":54}},"52":{"start":{"line":53,"column":0},"end":{"line":53,"column":46}},"53":{"start":{"line":54,"column":0},"end":{"line":54,"column":28}},"54":{"start":{"line":55,"column":0},"end":{"line":55,"column":3}},"55":{"start":{"line":56,"column":0},"end":{"line":56,"column":14}},"56":{"start":{"line":57,"column":0},"end":{"line":57,"column":1}},"57":{"start":{"line":58,"column":0},"end":{"line":58,"column":0}},"58":{"start":{"line":59,"column":0},"end":{"line":59,"column":26}},"59":{"start":{"line":60,"column":0},"end":{"line":60,"column":15}},"60":{"start":{"line":61,"column":0},"end":{"line":61,"column":15}},"61":{"start":{"line":62,"column":0},"end":{"line":62,"column":0}},"62":{"start":{"line":63,"column":0},"end":{"line":63,"column":14}},"63":{"start":{"line":64,"column":0},"end":{"line":64,"column":1}},"64":{"start":{"line":65,"column":0},"end":{"line":65,"column":0}},"65":{"start":{"line":66,"column":0},"end":{"line":66,"column":40}},"66":{"start":{"line":67,"column":0},"end":{"line":67,"column":43}},"67":{"start":{"line":68,"column":0},"end":{"line":68,"column":18}},"68":{"start":{"line":69,"column":0},"end":{"line":69,"column":3}},"69":{"start":{"line":70,"column":0},"end":{"line":70,"column":0}},"70":{"start":{"line":71,"column":0},"end":{"line":71,"column":14}},"71":{"start":{"line":72,"column":0},"end":{"line":72,"column":1}},"72":{"start":{"line":73,"column":0},"end":{"line":73,"column":0}},"73":{"start":{"line":74,"column":0},"end":{"line":74,"column":67}}},"s":{"0":1,"1":1,"2":6,"3":6,"4":1,"5":1,"6":112,"7":112,"8":1,"9":1,"10":6,"11":6,"12":6,"13":60,"14":49,"15":49,"16":49,"17":47,"18":47,"19":47,"20":47,"21":47,"22":47,"23":60,"24":6,"25":6,"26":1,"27":1,"28":49,"29":49,"30":1,"31":1,"32":60,"33":60,"34":1,"35":1,"36":11,"37":11,"38":1,"39":1,"40":2,"41":2,"42":1,"43":1,"44":47,"45":47,"46":47,"47":47,"48":47,"49":1,"50":1,"51":8,"52":8,"53":95,"54":95,"55":8,"56":8,"57":1,"58":2,"59":2,"60":2,"61":2,"62":2,"63":2,"64":1,"65":2,"66":2,"67":13,"68":13,"69":2,"70":2,"71":2,"72":1,"73":1},"branchMap":{"0":{"type":"branch","line":74,"loc":{"start":{"line":74,"column":67},"end":{"line":74,"column":67}},"locations":[{"start":{"line":74,"column":67},"end":{"line":74,"column":67}}]},"1":{"type":"branch","line":2,"loc":{"start":{"line":2,"column":2},"end":{"line":4,"column":3}},"locations":[{"start":{"line":2,"column":2},"end":{"line":4,"column":3}}]},"2":{"type":"branch","line":6,"loc":{"start":{"line":6,"column":2},"end":{"line":8,"column":3}},"locations":[{"start":{"line":6,"column":2},"end":{"line":8,"column":3}}]},"3":{"type":"branch","line":10,"loc":{"start":{"line":10,"column":2},"end":{"line":26,"column":3}},"locations":[{"start":{"line":10,"column":2},"end":{"line":26,"column":3}}]},"4":{"type":"branch","line":13,"loc":{"start":{"line":13,"column":64},"end":{"line":24,"column":5}},"locations":[{"start":{"line":13,"column":64},"end":{"line":24,"column":5}}]},"5":{"type":"branch","line":14,"loc":{"start":{"line":14,"column":36},"end":{"line":17,"column":13}},"locations":[{"start":{"line":14,"column":36},"end":{"line":17,"column":13}}]},"6":{"type":"branch","line":14,"loc":{"start":{"line":14,"column":6},"end":{"line":23,"column":7}},"locations":[{"start":{"line":14,"column":6},"end":{"line":23,"column":7}}]},"7":{"type":"branch","line":17,"loc":{"start":{"line":17,"column":42},"end":{"line":20,"column":13}},"locations":[{"start":{"line":17,"column":42},"end":{"line":20,"column":13}}]},"8":{"type":"branch","line":17,"loc":{"start":{"line":17,"column":13},"end":{"line":23,"column":7}},"locations":[{"start":{"line":17,"column":13},"end":{"line":23,"column":7}}]},"9":{"type":"branch","line":28,"loc":{"start":{"line":28,"column":2},"end":{"line":30,"column":3}},"locations":[{"start":{"line":28,"column":2},"end":{"line":30,"column":3}}]},"10":{"type":"branch","line":32,"loc":{"start":{"line":32,"column":2},"end":{"line":34,"column":3}},"locations":[{"start":{"line":32,"column":2},"end":{"line":34,"column":3}}]},"11":{"type":"branch","line":36,"loc":{"start":{"line":36,"column":2},"end":{"line":38,"column":3}},"locations":[{"start":{"line":36,"column":2},"end":{"line":38,"column":3}}]},"12":{"type":"branch","line":40,"loc":{"start":{"line":40,"column":2},"end":{"line":42,"column":3}},"locations":[{"start":{"line":40,"column":2},"end":{"line":42,"column":3}}]},"13":{"type":"branch","line":44,"loc":{"start":{"line":44,"column":2},"end":{"line":49,"column":3}},"locations":[{"start":{"line":44,"column":2},"end":{"line":49,"column":3}}]},"14":{"type":"branch","line":52,"loc":{"start":{"line":52,"column":0},"end":{"line":57,"column":1}},"locations":[{"start":{"line":52,"column":0},"end":{"line":57,"column":1}}]},"15":{"type":"branch","line":53,"loc":{"start":{"line":53,"column":45},"end":{"line":55,"column":3}},"locations":[{"start":{"line":53,"column":45},"end":{"line":55,"column":3}}]},"16":{"type":"branch","line":59,"loc":{"start":{"line":59,"column":0},"end":{"line":64,"column":1}},"locations":[{"start":{"line":59,"column":0},"end":{"line":64,"column":1}}]},"17":{"type":"branch","line":66,"loc":{"start":{"line":66,"column":0},"end":{"line":72,"column":1}},"locations":[{"start":{"line":66,"column":0},"end":{"line":72,"column":1}}]},"18":{"type":"branch","line":67,"loc":{"start":{"line":67,"column":42},"end":{"line":69,"column":3}},"locations":[{"start":{"line":67,"column":42},"end":{"line":69,"column":3}}]}},"b":{"0":[1],"1":[6],"2":[112],"3":[6],"4":[60],"5":[11],"6":[49],"7":[2],"8":[47],"9":[49],"10":[60],"11":[11],"12":[2],"13":[47],"14":[8],"15":[95],"16":[2],"17":[2],"18":[13]},"fnMap":{"0":{"name":"BowlingGame","decl":{"start":{"line":2,"column":2},"end":{"line":4,"column":3}},"loc":{"start":{"line":2,"column":2},"end":{"line":4,"column":3}},"line":2},"1":{"name":"roll","decl":{"start":{"line":6,"column":2},"end":{"line":8,"column":3}},"loc":{"start":{"line":6,"column":2},"end":{"line":8,"column":3}},"line":6},"2":{"name":"score","decl":{"start":{"line":10,"column":2},"end":{"line":26,"column":3}},"loc":{"start":{"line":10,"column":2},"end":{"line":26,"column":3}},"line":10},"3":{"name":"isSpare","decl":{"start":{"line":28,"column":2},"end":{"line":30,"column":3}},"loc":{"start":{"line":28,"column":2},"end":{"line":30,"column":3}},"line":28},"4":{"name":"isStrike","decl":{"start":{"line":32,"column":2},"end":{"line":34,"column":3}},"loc":{"start":{"line":32,"column":2},"end":{"line":34,"column":3}},"line":32},"5":{"name":"getStrikeBonus","decl":{"start":{"line":36,"column":2},"end":{"line":38,"column":3}},"loc":{"start":{"line":36,"column":2},"end":{"line":38,"column":3}},"line":36},"6":{"name":"getSpareBonus","decl":{"start":{"line":40,"column":2},"end":{"line":42,"column":3}},"loc":{"start":{"line":40,"column":2},"end":{"line":42,"column":3}},"line":40},"7":{"name":"getFrameScore","decl":{"start":{"line":44,"column":2},"end":{"line":49,"column":3}},"loc":{"start":{"line":44,"column":2},"end":{"line":49,"column":3}},"line":44},"8":{"name":"rollMany","decl":{"start":{"line":52,"column":0},"end":{"line":57,"column":1}},"loc":{"start":{"line":52,"column":0},"end":{"line":57,"column":1}},"line":52},"9":{"name":"playSpare","decl":{"start":{"line":59,"column":0},"end":{"line":64,"column":1}},"loc":{"start":{"line":59,"column":0},"end":{"line":64,"column":1}},"line":59},"10":{"name":"playStrikes","decl":{"start":{"line":66,"column":0},"end":{"line":72,"column":1}},"loc":{"start":{"line":66,"column":0},"end":{"line":72,"column":1}},"line":66}},"f":{"0":6,"1":112,"2":6,"3":49,"4":60,"5":11,"6":2,"7":47,"8":8,"9":2,"10":2}}
,"/home/axel.bie/Projects/veille/tdd-katas/src/conways-suite/conwaysSuite.js": {"path":"/home/axel.bie/Projects/veille/tdd-katas/src/conways-suite/conwaysSuite.js","statementMap":{"0":{"start":{"line":1,"column":0},"end":{"line":1,"column":20}},"1":{"start":{"line":2,"column":0},"end":{"line":2,"column":18}},"2":{"start":{"line":3,"column":0},"end":{"line":3,"column":22}},"3":{"start":{"line":4,"column":0},"end":{"line":4,"column":0}},"4":{"start":{"line":5,"column":0},"end":{"line":5,"column":41}},"5":{"start":{"line":6,"column":0},"end":{"line":6,"column":20}},"6":{"start":{"line":7,"column":0},"end":{"line":7,"column":25}},"7":{"start":{"line":8,"column":0},"end":{"line":8,"column":14}},"8":{"start":{"line":9,"column":0},"end":{"line":9,"column":48}},"9":{"start":{"line":10,"column":0},"end":{"line":10,"column":67}},"10":{"start":{"line":11,"column":0},"end":{"line":11,"column":38}},"11":{"start":{"line":12,"column":0},"end":{"line":12,"column":7}},"12":{"start":{"line":13,"column":0},"end":{"line":13,"column":5}},"13":{"start":{"line":14,"column":0},"end":{"line":14,"column":18}},"14":{"start":{"line":15,"column":0},"end":{"line":15,"column":3}},"15":{"start":{"line":16,"column":0},"end":{"line":16,"column":0}},"16":{"start":{"line":17,"column":0},"end":{"line":17,"column":19}},"17":{"start":{"line":18,"column":0},"end":{"line":18,"column":30}},"18":{"start":{"line":19,"column":0},"end":{"line":19,"column":0}},"19":{"start":{"line":20,"column":0},"end":{"line":20,"column":40}},"20":{"start":{"line":21,"column":0},"end":{"line":21,"column":36}},"21":{"start":{"line":22,"column":0},"end":{"line":22,"column":42}},"22":{"start":{"line":23,"column":0},"end":{"line":23,"column":15}},"23":{"start":{"line":24,"column":0},"end":{"line":24,"column":14}},"24":{"start":{"line":25,"column":0},"end":{"line":25,"column":42}},"25":{"start":{"line":26,"column":0},"end":{"line":26,"column":15}},"26":{"start":{"line":27,"column":0},"end":{"line":27,"column":7}},"27":{"start":{"line":28,"column":0},"end":{"line":28,"column":5}},"28":{"start":{"line":29,"column":0},"end":{"line":29,"column":0}},"29":{"start":{"line":30,"column":0},"end":{"line":30,"column":28}},"30":{"start":{"line":31,"column":0},"end":{"line":31,"column":3}},"31":{"start":{"line":32,"column":0},"end":{"line":32,"column":1}},"32":{"start":{"line":33,"column":0},"end":{"line":33,"column":0}},"33":{"start":{"line":34,"column":0},"end":{"line":34,"column":30}}},"s":{"0":1,"1":1,"2":7,"3":7,"4":7,"5":21,"6":15,"7":15,"8":15,"9":15,"10":15,"11":15,"12":21,"13":7,"14":7,"15":1,"16":1,"17":15,"18":15,"19":15,"20":25,"21":17,"22":17,"23":17,"24":17,"25":17,"26":17,"27":25,"28":15,"29":15,"30":15,"31":1,"32":1,"33":1},"branchMap":{"0":{"type":"branch","line":34,"loc":{"start":{"line":34,"column":30},"end":{"line":34,"column":30}},"locations":[{"start":{"line":34,"column":30},"end":{"line":34,"column":30}}]},"1":{"type":"branch","line":2,"loc":{"start":{"line":2,"column":2},"end":{"line":15,"column":3}},"locations":[{"start":{"line":2,"column":2},"end":{"line":15,"column":3}}]},"2":{"type":"branch","line":5,"loc":{"start":{"line":5,"column":40},"end":{"line":13,"column":5}},"locations":[{"start":{"line":5,"column":40},"end":{"line":13,"column":5}}]},"3":{"type":"branch","line":6,"loc":{"start":{"line":6,"column":19},"end":{"line":8,"column":13}},"locations":[{"start":{"line":6,"column":19},"end":{"line":8,"column":13}}]},"4":{"type":"branch","line":6,"loc":{"start":{"line":6,"column":6},"end":{"line":12,"column":7}},"locations":[{"start":{"line":6,"column":6},"end":{"line":12,"column":7}}]},"5":{"type":"branch","line":17,"loc":{"start":{"line":17,"column":2},"end":{"line":31,"column":3}},"locations":[{"start":{"line":17,"column":2},"end":{"line":31,"column":3}}]},"6":{"type":"branch","line":20,"loc":{"start":{"line":20,"column":39},"end":{"line":28,"column":5}},"locations":[{"start":{"line":20,"column":39},"end":{"line":28,"column":5}}]},"7":{"type":"branch","line":21,"loc":{"start":{"line":21,"column":35},"end":{"line":24,"column":13}},"locations":[{"start":{"line":21,"column":35},"end":{"line":24,"column":13}}]},"8":{"type":"branch","line":21,"loc":{"start":{"line":21,"column":6},"end":{"line":27,"column":7}},"locations":[{"start":{"line":21,"column":6},"end":{"line":27,"column":7}}]}},"b":{"0":[1],"1":[7],"2":[21],"3":[6],"4":[15],"5":[15],"6":[25],"7":[8],"8":[17]},"fnMap":{"0":{"name":"compute","decl":{"start":{"line":2,"column":2},"end":{"line":15,"column":3}},"loc":{"start":{"line":2,"column":2},"end":{"line":15,"column":3}},"line":2},"1":{"name":"parseTerm","decl":{"start":{"line":17,"column":2},"end":{"line":31,"column":3}},"loc":{"start":{"line":17,"column":2},"end":{"line":31,"column":3}},"line":17}},"f":{"0":7,"1":15}}
,"/home/axel.bie/Projects/veille/tdd-katas/src/prime_factors/index.js": {"path":"/home/axel.bie/Projects/veille/tdd-katas/src/prime_factors/index.js","statementMap":{"0":{"start":{"line":1,"column":0},"end":{"line":1,"column":20}},"1":{"start":{"line":2,"column":0},"end":{"line":2,"column":19}},"2":{"start":{"line":3,"column":0},"end":{"line":3,"column":27}},"3":{"start":{"line":4,"column":0},"end":{"line":4,"column":22}},"4":{"start":{"line":5,"column":0},"end":{"line":5,"column":64}},"5":{"start":{"line":6,"column":0},"end":{"line":6,"column":65}},"6":{"start":{"line":7,"column":0},"end":{"line":7,"column":29}},"7":{"start":{"line":8,"column":0},"end":{"line":8,"column":7}},"8":{"start":{"line":9,"column":0},"end":{"line":9,"column":5}},"9":{"start":{"line":10,"column":0},"end":{"line":10,"column":0}},"10":{"start":{"line":11,"column":0},"end":{"line":11,"column":18}},"11":{"start":{"line":12,"column":0},"end":{"line":12,"column":3}},"12":{"start":{"line":13,"column":0},"end":{"line":13,"column":1}},"13":{"start":{"line":14,"column":0},"end":{"line":14,"column":0}},"14":{"start":{"line":15,"column":0},"end":{"line":15,"column":30}}},"s":{"0":1,"1":1,"2":11,"3":11,"4":11,"5":31,"6":22,"7":22,"8":31,"9":11,"10":11,"11":11,"12":1,"13":1,"14":1},"branchMap":{"0":{"type":"branch","line":15,"loc":{"start":{"line":15,"column":30},"end":{"line":15,"column":30}},"locations":[{"start":{"line":15,"column":30},"end":{"line":15,"column":30}}]},"1":{"type":"branch","line":2,"loc":{"start":{"line":2,"column":2},"end":{"line":12,"column":3}},"locations":[{"start":{"line":2,"column":2},"end":{"line":12,"column":3}}]},"2":{"type":"branch","line":5,"loc":{"start":{"line":5,"column":63},"end":{"line":9,"column":5}},"locations":[{"start":{"line":5,"column":63},"end":{"line":9,"column":5}}]},"3":{"type":"branch","line":6,"loc":{"start":{"line":6,"column":64},"end":{"line":8,"column":7}},"locations":[{"start":{"line":6,"column":64},"end":{"line":8,"column":7}}]}},"b":{"0":[1],"1":[11],"2":[31],"3":[22]},"fnMap":{"0":{"name":"generate","decl":{"start":{"line":2,"column":2},"end":{"line":12,"column":3}},"loc":{"start":{"line":2,"column":2},"end":{"line":12,"column":3}},"line":2}},"f":{"0":11}}
}
