TN:
SF:src/bijoux_pricing/bijoux-pricing.js
FN:9,BijouxPricing
FN:13,setBijoux
FN:22,price
FN:31,setBijouxWithMultipleStones
FN:39,priceWithMultipleStones
FNF:5
FNH:5
FNDA:5,BijouxPricing
FNDA:2,setBijoux
FNDA:3,price
FNDA:2,setBijouxWithMultipleStones
FNDA:2,priceWithMultipleStones
DA:1,1
DA:2,1
DA:3,1
DA:4,1
DA:5,1
DA:6,1
DA:7,1
DA:8,1
DA:9,1
DA:10,5
DA:11,5
DA:12,1
DA:13,1
DA:14,2
DA:15,2
DA:16,2
DA:17,2
DA:18,2
DA:19,2
DA:20,2
DA:21,1
DA:22,1
DA:23,3
DA:24,2
DA:25,2
DA:26,2
DA:27,2
DA:28,1
DA:29,1
DA:30,1
DA:31,1
DA:32,2
DA:33,2
DA:34,2
DA:35,2
DA:36,2
DA:37,2
DA:38,1
DA:39,1
DA:40,2
DA:41,2
DA:42,2
DA:43,2
DA:44,2
DA:45,2
DA:46,1
DA:47,1
DA:48,1
LF:48
LH:48
BRDA:48,0,0,1
BRDA:9,1,0,5
BRDA:13,2,0,2
BRDA:22,3,0,3
BRDA:23,4,0,2
BRDA:27,5,0,1
BRDA:31,6,0,2
BRDA:39,7,0,2
BRDA:43,8,0,4
BRF:9
BRH:9
end_of_record
TN:
SF:src/bowling/index.js
FN:2,BowlingGame
FN:6,roll
FN:10,score
FN:28,isSpare
FN:32,isStrike
FN:36,getStrikeBonus
FN:40,getSpareBonus
FN:44,getFrameScore
FN:52,rollMany
FN:59,playSpare
FN:66,playStrikes
FNF:11
FNH:11
FNDA:6,BowlingGame
FNDA:112,roll
FNDA:6,score
FNDA:49,isSpare
FNDA:60,isStrike
FNDA:11,getStrikeBonus
FNDA:2,getSpareBonus
FNDA:47,getFrameScore
FNDA:8,rollMany
FNDA:2,playSpare
FNDA:2,playStrikes
DA:1,1
DA:2,1
DA:3,6
DA:4,6
DA:5,1
DA:6,1
DA:7,112
DA:8,112
DA:9,1
DA:10,1
DA:11,6
DA:12,6
DA:13,6
DA:14,60
DA:15,49
DA:16,49
DA:17,49
DA:18,47
DA:19,47
DA:20,47
DA:21,47
DA:22,47
DA:23,47
DA:24,60
DA:25,6
DA:26,6
DA:27,1
DA:28,1
DA:29,49
DA:30,49
DA:31,1
DA:32,1
DA:33,60
DA:34,60
DA:35,1
DA:36,1
DA:37,11
DA:38,11
DA:39,1
DA:40,1
DA:41,2
DA:42,2
DA:43,1
DA:44,1
DA:45,47
DA:46,47
DA:47,47
DA:48,47
DA:49,47
DA:50,1
DA:51,1
DA:52,8
DA:53,8
DA:54,95
DA:55,95
DA:56,8
DA:57,8
DA:58,1
DA:59,2
DA:60,2
DA:61,2
DA:62,2
DA:63,2
DA:64,2
DA:65,1
DA:66,2
DA:67,2
DA:68,13
DA:69,13
DA:70,2
DA:71,2
DA:72,2
DA:73,1
DA:74,1
LF:74
LH:74
BRDA:74,0,0,1
BRDA:2,1,0,6
BRDA:6,2,0,112
BRDA:10,3,0,6
BRDA:13,4,0,60
BRDA:14,5,0,11
BRDA:14,6,0,49
BRDA:17,7,0,2
BRDA:17,8,0,47
BRDA:28,9,0,49
BRDA:32,10,0,60
BRDA:36,11,0,11
BRDA:40,12,0,2
BRDA:44,13,0,47
BRDA:52,14,0,8
BRDA:53,15,0,95
BRDA:59,16,0,2
BRDA:66,17,0,2
BRDA:67,18,0,13
BRF:19
BRH:19
end_of_record
TN:
SF:src/conways-suite/conwaysSuite.js
FN:2,compute
FN:17,parseTerm
FNF:2
FNH:2
FNDA:7,compute
FNDA:15,parseTerm
DA:1,1
DA:2,1
DA:3,7
DA:4,7
DA:5,7
DA:6,21
DA:7,15
DA:8,15
DA:9,15
DA:10,15
DA:11,15
DA:12,15
DA:13,21
DA:14,7
DA:15,7
DA:16,1
DA:17,1
DA:18,15
DA:19,15
DA:20,15
DA:21,25
DA:22,17
DA:23,17
DA:24,17
DA:25,17
DA:26,17
DA:27,17
DA:28,25
DA:29,15
DA:30,15
DA:31,15
DA:32,1
DA:33,1
DA:34,1
LF:34
LH:34
BRDA:34,0,0,1
BRDA:2,1,0,7
BRDA:5,2,0,21
BRDA:6,3,0,6
BRDA:6,4,0,15
BRDA:17,5,0,15
BRDA:20,6,0,25
BRDA:21,7,0,8
BRDA:21,8,0,17
BRF:9
BRH:9
end_of_record
TN:
SF:src/prime_factors/index.js
FN:2,generate
FNF:1
FNH:1
FNDA:11,generate
DA:1,1
DA:2,1
DA:3,11
DA:4,11
DA:5,11
DA:6,31
DA:7,22
DA:8,22
DA:9,31
DA:10,11
DA:11,11
DA:12,11
DA:13,1
DA:14,1
DA:15,1
LF:15
LH:15
BRDA:15,0,0,1
BRDA:2,1,0,11
BRDA:5,2,0,31
BRDA:6,3,0,22
BRF:4
BRH:4
end_of_record
